<?xml version="1.0" encoding="UTF-8"?>
<!-- Generated by org.testng.reporters.JUnitXMLReporter -->
<testsuite hostname="DODIAQH5UX" ignored="0" name="Default test" tests="3" failures="0" timestamp="03 Jun 2020 09:50:08 GMT" time="141.629" errors="0">
  <testcase name="createProductTest" time="31.35" classname="TestScriptVTigerPOM.CreateProductTest"/>
  <testcase name="createProductTest" time="32.564" classname="TestScriptVTigerPOM.CreateProductTest"/>
  <testcase name="createProductTest" time="32.269" classname="TestScriptVTigerPOM.CreateProductTest"/>
</testsuite> <!-- Default test -->
